<?xml version="1.0" encoding="UTF-8"?>
<!-- Generated by org.testng.reporters.JUnitReportReporter -->
<testsuite hostname="BEL-MNL-LT060" failures="0" tests="1" name="com.DemoLogin.FillFormTest" time="29.367" errors="0" timestamp="2024-01-18T11:51:46 EST" skipped="0">
  <testcase classname="com.DemoLogin.FillFormTest" name="FillForm" time="29.367"/>
</testsuite> <!-- com.DemoLogin.FillFormTest -->
